<?xml version="1.0" encoding="UTF-8"?>
<!-- Generated by org.testng.reporters.JUnitXMLReporter -->
<testsuite ignored="0" hostname="NanduNikki" failures="0" tests="3" name="Default test" time="0.051" errors="0" timestamp="2024-02-09T16:12:36 IST">
  <testcase classname="testNG.Data_Providers" name="bookTicketTest" time="0.005"/>
  <testcase classname="testNG.Data_Providers" name="bookTicketTest" time="0.001"/>
  <testcase classname="testNG.Data_Providers" name="bookTicketTest" time="0.002"/>
</testsuite> <!-- Default test -->
