<?xml version="1.0" encoding="UTF-8"?>
<!-- Generated by org.testng.reporters.JUnitXMLReporter -->
<testsuite ignored="8" hostname="NanduNikki" failures="0" tests="3" name="Test" time="0.046" errors="0" timestamp="2024-02-09T16:15:49 IST">
  <testcase classname="groupExecution.TestClass1" name="demo2" time="0.006"/>
  <testcase classname="groupExecution.TestClass1" name="demo3" time="0.001"/>
  <testcase classname="groupExecution.TestClass3" name="demo2" time="0.001"/>
  <testcase classname="groupExecution.TestClass3" name="demo1" time="0.0">
    <ignored/>
  </testcase> <!-- demo1 -->
  <testcase classname="groupExecution.TestClass4" name="demo2" time="0.0">
    <ignored/>
  </testcase> <!-- demo2 -->
  <testcase classname="groupExecution.TestClass2" name="demo1" time="0.0">
    <ignored/>
  </testcase> <!-- demo1 -->
  <testcase classname="groupExecution.TestClass4" name="demo1" time="0.0">
    <ignored/>
  </testcase> <!-- demo1 -->
  <testcase classname="groupExecution.TestClass1" name="demo1" time="0.0">
    <ignored/>
  </testcase> <!-- demo1 -->
  <testcase classname="groupExecution.TestClass2" name="demo2" time="0.0">
    <ignored/>
  </testcase> <!-- demo2 -->
  <testcase classname="groupExecution.TestClass2" name="demo3" time="0.0">
    <ignored/>
  </testcase> <!-- demo3 -->
  <testcase classname="groupExecution.TestClass3" name="demo3" time="0.0">
    <ignored/>
  </testcase> <!-- demo3 -->
</testsuite> <!-- Test -->
