<?xml version="1.0" encoding="UTF-8"?>
<testng-results ignored="8" total="11" passed="3" failed="0" skipped="0">
  <reporter-output>
  </reporter-output>
  <suite started-at="2024-02-09T16:15:48 IST" name="Suite" finished-at="2024-02-09T16:15:48 IST" duration-ms="46">
    <groups>
      <group name="regression">
        <method signature="TestClass1.demo2()[pri:0, instance:groupExecution.TestClass1@245b4bdc]" name="demo2" class="groupExecution.TestClass1"/>
        <method signature="TestClass1.demo3()[pri:0, instance:groupExecution.TestClass1@245b4bdc]" name="demo3" class="groupExecution.TestClass1"/>
        <method signature="TestClass3.demo2()[pri:0, instance:groupExecution.TestClass3@436813f3]" name="demo2" class="groupExecution.TestClass3"/>
      </group> <!-- regression -->
      <group name="smoke">
        <method signature="TestClass1.demo3()[pri:0, instance:groupExecution.TestClass1@245b4bdc]" name="demo3" class="groupExecution.TestClass1"/>
      </group> <!-- smoke -->
    </groups>
    <test started-at="2024-02-09T16:15:48 IST" name="Test" finished-at="2024-02-09T16:15:48 IST" duration-ms="46">
      <class name="groupExecution.TestClass3">
        <test-method signature="demo2()[pri:0, instance:groupExecution.TestClass3@436813f3]" started-at="2024-02-09T16:15:48 IST" name="demo2" finished-at="2024-02-09T16:15:48 IST" duration-ms="1" status="PASS">
          <reporter-output>
          </reporter-output>
        </test-method> <!-- demo2 -->
      </class> <!-- groupExecution.TestClass3 -->
      <class name="groupExecution.TestClass1">
        <test-method signature="demo2()[pri:0, instance:groupExecution.TestClass1@245b4bdc]" started-at="2024-02-09T16:15:48 IST" name="demo2" finished-at="2024-02-09T16:15:48 IST" duration-ms="6" status="PASS">
          <reporter-output>
          </reporter-output>
        </test-method> <!-- demo2 -->
        <test-method signature="demo3()[pri:0, instance:groupExecution.TestClass1@245b4bdc]" started-at="2024-02-09T16:15:48 IST" name="demo3" finished-at="2024-02-09T16:15:48 IST" duration-ms="1" status="PASS">
          <reporter-output>
          </reporter-output>
        </test-method> <!-- demo3 -->
      </class> <!-- groupExecution.TestClass1 -->
    </test> <!-- Test -->
  </suite> <!-- Suite -->
</testng-results>
